<?xml version="1.0" encoding="UTF-8"?>
<!-- Generated by org.testng.reporters.JUnitReportReporter -->
<testsuite skipped="0" hostname="360NDCLP063" name="com.crm.qa.test.HomeTest" tests="1" failures="0" timestamp="2020-06-12T01:16:06 IST" time="18.911" errors="0">
  <testcase name="clickOnMenu" time="18.911" classname="com.crm.qa.test.HomeTest"/>
  <system-out/>
</testsuite> <!-- com.crm.qa.test.HomeTest -->
