<?xml version="1.0" encoding="UTF-8"?>
<!-- Generated by org.testng.reporters.JUnitReportReporter -->
<testsuite skipped="0" hostname="360NDCLP063" name="com.crm.qa.test.SingUpTest" tests="2" failures="0" timestamp="2020-06-05T02:46:21 IST" time="34.911" errors="0">
  <testcase name="verifyPageTitle" time="18.146" classname="com.crm.qa.test.SingUpTest"/>
  <system-out/>
  <testcase name="signup" time="16.765" classname="com.crm.qa.test.SingUpTest"/>
  <system-out/>
</testsuite> <!-- com.crm.qa.test.SingUpTest -->
