<?xml version="1.0" encoding="UTF-8"?>
<!-- Generated by org.testng.reporters.JUnitReportReporter -->
<testsuite skipped="0" hostname="360NDCLP063" name="com.crm.qa.test.LoginTest" tests="6" failures="0" timestamp="2020-07-07T13:37:33 IST" time="101.841" errors="0">
  <testcase name="TestValidLogin" time="14.738" classname="com.crm.qa.test.LoginTest"/>
  <system-out/>
  <testcase name="TestForgotPassword" time="16.841" classname="com.crm.qa.test.LoginTest"/>
  <system-out/>
  <testcase name="TestClassicCRM" time="18.769" classname="com.crm.qa.test.LoginTest"/>
  <system-out/>
  <testcase name="TestInvalidLogin" time="13.860" classname="com.crm.qa.test.LoginTest"/>
  <system-out/>
  <testcase name="TestSignUp" time="25.465" classname="com.crm.qa.test.LoginTest"/>
  <system-out/>
  <testcase name="verifyLoginPageTitle" time="12.168" classname="com.crm.qa.test.LoginTest"/>
  <system-out/>
</testsuite> <!-- com.crm.qa.test.LoginTest -->
