<?xml version="1.0" encoding="UTF-8"?>
<!-- Generated by org.testng.reporters.JUnitReportReporter -->
<testsuite skipped="0" hostname="360NDCLP063" name="com.crm.qa.test.SingUpTest" tests="2" failures="0" timestamp="2020-06-05T14:31:17 IST" time="50.471" errors="0">
  <testcase name="signup" time="24.213" classname="com.crm.qa.test.SingUpTest"/>
  <system-out/>
  <testcase name="verifyPageTitle" time="26.258" classname="com.crm.qa.test.SingUpTest"/>
  <system-out/>
</testsuite> <!-- com.crm.qa.test.SingUpTest -->
