<?xml version="1.0" encoding="UTF-8"?>
<!-- Generated by org.testng.reporters.JUnitReportReporter -->
<testsuite skipped="0" hostname="360NDCLP063" name="com.crm.qa.test.LoginTest" tests="1" failures="0" timestamp="2020-06-11T17:16:56 IST" time="31.363" errors="0">
  <testcase name="TestValidLogin" time="31.363" classname="com.crm.qa.test.LoginTest"/>
  <system-out/>
</testsuite> <!-- com.crm.qa.test.LoginTest -->
