<?xml version="1.0" encoding="UTF-8"?>
<!-- Generated by org.testng.reporters.JUnitReportReporter -->
<testsuite skipped="0" hostname="360NDCLP063" name="com.crm.qa.test.HomeTest" tests="1" failures="0" timestamp="24 Jun 2020 14:05:26 GMT" time="109.467" errors="0">
  <testcase name="validateHomePage" time="109.467" classname="com.crm.qa.test.HomeTest"/>
</testsuite> <!-- com.crm.qa.test.HomeTest -->
