<?xml version="1.0" encoding="UTF-8"?>
<!-- Generated by org.testng.reporters.JUnitReportReporter -->
<testsuite skipped="0" hostname="360NDCLP063" name="com.crm.qa.test.SingUpTest" tests="1" failures="0" timestamp="2020-06-12T01:58:08 IST" time="16.413" errors="0">
  <testcase name="testSignUp" time="16.413" classname="com.crm.qa.test.SingUpTest"/>
  <system-out/>
</testsuite> <!-- com.crm.qa.test.SingUpTest -->
