<?xml version="1.0" encoding="UTF-8"?>
<!-- Generated by org.testng.reporters.JUnitReportReporter -->
<testsuite skipped="0" hostname="360NDCLP063" name="com.crm.qa.test.ContactsTest" tests="1" failures="0" timestamp="25 Jun 2020 10:25:56 GMT" time="27.367" errors="0">
  <testcase name="ValidateCreateContactPage" time="27.367" classname="com.crm.qa.test.ContactsTest"/>
</testsuite> <!-- com.crm.qa.test.ContactsTest -->
