<?xml version="1.0" encoding="UTF-8"?>
<!-- Generated by org.testng.reporters.JUnitReportReporter -->
<testsuite skipped="0" hostname="360NDCLP063" name="com.crm.qa.test.LoginTest" tests="6" failures="0" timestamp="2020-06-22T15:55:23 IST" time="130.767" errors="0">
  <testcase name="TestClassicCRM" time="19.233" classname="com.crm.qa.test.LoginTest"/>
  <system-out/>
  <testcase name="TestSignUp" time="27.271" classname="com.crm.qa.test.LoginTest"/>
  <system-out/>
  <testcase name="verifyLoginPageTitle" time="15.358" classname="com.crm.qa.test.LoginTest"/>
  <system-out/>
  <testcase name="TestForgotPassword" time="28.860" classname="com.crm.qa.test.LoginTest"/>
  <system-out/>
  <testcase name="TestInvalidLogin" time="21.793" classname="com.crm.qa.test.LoginTest"/>
  <system-out/>
  <testcase name="TestValidLogin" time="18.252" classname="com.crm.qa.test.LoginTest"/>
  <system-out/>
</testsuite> <!-- com.crm.qa.test.LoginTest -->
