<?xml version="1.0" encoding="UTF-8"?>
<!-- Generated by org.testng.reporters.JUnitReportReporter -->
<testsuite skipped="0" hostname="360NDCLP063" name="com.crm.qa.test.LoginTest" tests="1" failures="0" timestamp="2020-06-09T02:31:17 IST" time="19.253" errors="0">
  <testcase name="TestInvalidUser" time="19.253" classname="com.crm.qa.test.LoginTest"/>
  <system-out/>
</testsuite> <!-- com.crm.qa.test.LoginTest -->
