<?xml version="1.0" encoding="UTF-8"?>
<!-- Generated by org.testng.reporters.JUnitReportReporter -->
<testsuite skipped="0" hostname="360NDCLP063" name="com.crm.qa.test.LoginTest" tests="6" failures="0" timestamp="2020-07-01T14:49:04 IST" time="107.258" errors="0">
  <testcase name="verifyLoginPageTitle" time="20.299" classname="com.crm.qa.test.LoginTest"/>
  <system-out/>
  <testcase name="TestSignUp" time="15.508" classname="com.crm.qa.test.LoginTest"/>
  <system-out/>
  <testcase name="TestClassicCRM" time="21.376" classname="com.crm.qa.test.LoginTest"/>
  <system-out/>
  <testcase name="TestValidLogin" time="16.514" classname="com.crm.qa.test.LoginTest"/>
  <system-out/>
  <testcase name="TestInvalidLogin" time="18.956" classname="com.crm.qa.test.LoginTest"/>
  <system-out/>
  <testcase name="TestForgotPassword" time="14.605" classname="com.crm.qa.test.LoginTest"/>
  <system-out/>
</testsuite> <!-- com.crm.qa.test.LoginTest -->
