<?xml version="1.0" encoding="UTF-8"?>
<!-- Generated by org.testng.reporters.JUnitReportReporter -->
<testsuite skipped="0" hostname="360NDCLP063" name="com.crm.qa.test.SingUpTest" tests="2" failures="0" timestamp="2020-07-01T14:49:04 IST" time="26.966" errors="0">
  <testcase name="testSuccessfulSignUp" time="11.510" classname="com.crm.qa.test.SingUpTest"/>
  <system-out/>
  <testcase name="testSignUp" time="15.456" classname="com.crm.qa.test.SingUpTest"/>
  <system-out/>
</testsuite> <!-- com.crm.qa.test.SingUpTest -->
