<?xml version="1.0" encoding="UTF-8"?>
<!-- Generated by org.testng.reporters.JUnitReportReporter -->
<testsuite skipped="0" hostname="360NDCLP063" name="com.crm.qa.test.ContactsTest" tests="1" failures="0" timestamp="24 Jun 2020 19:46:59 GMT" time="104.983" errors="0">
  <testcase name="ValidateCreateContactPage" time="104.983" classname="com.crm.qa.test.ContactsTest"/>
</testsuite> <!-- com.crm.qa.test.ContactsTest -->
